<?xml version="1.0" encoding="UTF-8"?>
<coverage generated="1626872141995" clover="3.2.0">
  <project timestamp="1626872141995" name="All files">
    <metrics statements="41" coveredstatements="41" conditionals="12" coveredconditionals="12" methods="23" coveredmethods="23" elements="76" coveredelements="76" complexity="0" loc="41" ncloc="41" packages="1" files="5" classes="5"/>
    <file name="App.js" path="/Users/danielvonboros/Documents/code/careerFoundry/TestingInTheDevelopmentProcess/TddInProgress/meet/src/App.js">
      <metrics statements="13" coveredstatements="13" conditionals="4" coveredconditionals="4" methods="8" coveredmethods="8"/>
      <line num="11" count="5" type="stmt"/>
      <line num="12" count="5" type="stmt"/>
      <line num="19" count="5" type="stmt"/>
      <line num="20" count="5" type="stmt"/>
      <line num="21" count="5" type="cond" truecount="2" falsecount="0"/>
      <line num="22" count="4" type="stmt"/>
      <line num="30" count="5" type="stmt"/>
      <line num="31" count="2" type="stmt"/>
      <line num="33" count="2" type="cond" truecount="2" falsecount="0"/>
      <line num="35" count="2" type="stmt"/>
      <line num="36" count="2" type="stmt"/>
      <line num="43" count="3" type="stmt"/>
      <line num="47" count="11" type="stmt"/>
    </file>
    <file name="CitySearch.js" path="/Users/danielvonboros/Documents/code/careerFoundry/TestingInTheDevelopmentProcess/TddInProgress/meet/src/CitySearch.js">
      <metrics statements="14" coveredstatements="14" conditionals="2" coveredconditionals="2" methods="8" coveredmethods="8"/>
      <line num="4" count="5" type="stmt"/>
      <line num="10" count="5" type="stmt"/>
      <line num="11" count="2" type="stmt"/>
      <line num="12" count="2" type="stmt"/>
      <line num="13" count="4" type="stmt"/>
      <line num="15" count="2" type="stmt"/>
      <line num="18" count="5" type="stmt"/>
      <line num="19" count="4" type="stmt"/>
      <line num="20" count="4" type="stmt"/>
      <line num="24" count="23" type="stmt"/>
      <line num="32" count="1" type="stmt"/>
      <line num="40" count="17" type="stmt"/>
      <line num="42" count="2" type="stmt"/>
      <line num="47" count="1" type="stmt"/>
    </file>
    <file name="Event.js" path="/Users/danielvonboros/Documents/code/careerFoundry/TestingInTheDevelopmentProcess/TddInProgress/meet/src/Event.js">
      <metrics statements="7" coveredstatements="7" conditionals="6" coveredconditionals="6" methods="4" coveredmethods="4"/>
      <line num="5" count="12" type="stmt"/>
      <line num="6" count="12" type="stmt"/>
      <line num="12" count="2" type="cond" truecount="2" falsecount="0"/>
      <line num="13" count="1" type="stmt"/>
      <line num="15" count="1" type="stmt"/>
      <line num="20" count="19" type="stmt"/>
      <line num="39" count="2" type="stmt"/>
    </file>
    <file name="api.js" path="/Users/danielvonboros/Documents/code/careerFoundry/TestingInTheDevelopmentProcess/TddInProgress/meet/src/api.js">
      <metrics statements="6" coveredstatements="6" conditionals="0" coveredconditionals="0" methods="3" coveredmethods="3"/>
      <line num="11" count="3" type="stmt"/>
      <line num="12" count="9" type="stmt"/>
      <line num="15" count="3" type="stmt"/>
      <line num="16" count="14" type="stmt"/>
      <line num="17" count="7" type="stmt"/>
      <line num="18" count="7" type="stmt"/>
    </file>
    <file name="mock-data.js" path="/Users/danielvonboros/Documents/code/careerFoundry/TestingInTheDevelopmentProcess/TddInProgress/meet/src/mock-data.js">
      <metrics statements="1" coveredstatements="1" conditionals="0" coveredconditionals="0" methods="0" coveredmethods="0"/>
      <line num="1" count="4" type="stmt"/>
    </file>
  </project>
</coverage>
