<?xml version="1.0" encoding="UTF-8"?>
<coverage generated="1626814042472" clover="3.2.0">
  <project timestamp="1626814042472" name="All files">
    <metrics statements="5" coveredstatements="5" conditionals="0" coveredconditionals="0" methods="2" coveredmethods="2" elements="7" coveredelements="7" complexity="0" loc="5" ncloc="5" packages="1" files="1" classes="1"/>
    <file name="NumberOfEvents.js" path="/Users/danielvonboros/Documents/code/careerFoundry/TestingInTheDevelopmentProcess/TddInProgress/meet/src/NumberOfEvents.js">
      <metrics statements="5" coveredstatements="5" conditionals="0" coveredconditionals="0" methods="2" coveredmethods="2"/>
      <line num="4" count="1" type="stmt"/>
      <line num="8" count="1" type="stmt"/>
      <line num="9" count="2" type="stmt"/>
      <line num="10" count="2" type="stmt"/>
      <line num="16" count="3" type="stmt"/>
    </file>
  </project>
</coverage>
