{"/Users/danielvonboros/Documents/code/careerFoundry/TestingInTheDevelopmentProcess/TddInProgress/meet/src/NumberOfEvents.js": {"path":"/Users/danielvonboros/Documents/code/careerFoundry/TestingInTheDevelopmentProcess/TddInProgress/meet/src/NumberOfEvents.js","statementMap":{"0":{"start":{"line":4,"column":10},"end":{"line":6,"column":3}},"1":{"start":{"line":8,"column":22},"end":{"line":13,"column":3}},"2":{"start":{"line":9,"column":18},"end":{"line":9,"column":36}},"3":{"start":{"line":10,"column":4},"end":{"line":12,"column":7}},"4":{"start":{"line":16,"column":4},"end":{"line":24,"column":6}}},"fnMap":{"0":{"name":"(anonymous_0)","decl":{"start":{"line":8,"column":22},"end":{"line":8,"column":23}},"loc":{"start":{"line":8,"column":33},"end":{"line":13,"column":3}},"line":8},"1":{"name":"(anonymous_1)","decl":{"start":{"line":15,"column":2},"end":{"line":15,"column":3}},"loc":{"start":{"line":15,"column":11},"end":{"line":25,"column":3}},"line":15}},"branchMap":{},"s":{"0":1,"1":1,"2":2,"3":2,"4":3},"f":{"0":2,"1":3},"b":{},"_coverageSchema":"1a1c01bbd47fc00a2c39e90264f33305004495a9","hash":"2bc29d615d8808f3489f313f5cf77c2a1b96fbe1"}
}
