{"/Users/danielvonboros/Documents/code/careerFoundry/TestingInTheDevelopmentProcess/TddInProgress/meet/src/App.js": {"path":"/Users/danielvonboros/Documents/code/careerFoundry/TestingInTheDevelopmentProcess/TddInProgress/meet/src/App.js","statementMap":{"0":{"start":{"line":11,"column":4},"end":{"line":11,"column":12}},"1":{"start":{"line":12,"column":4},"end":{"line":15,"column":6}},"2":{"start":{"line":19,"column":4},"end":{"line":19,"column":24}},"3":{"start":{"line":20,"column":4},"end":{"line":27,"column":7}},"4":{"start":{"line":21,"column":6},"end":{"line":26,"column":7}},"5":{"start":{"line":22,"column":8},"end":{"line":25,"column":11}},"6":{"start":{"line":30,"column":17},"end":{"line":40,"column":3}},"7":{"start":{"line":31,"column":4},"end":{"line":39,"column":7}},"8":{"start":{"line":33,"column":8},"end":{"line":35,"column":65}},"9":{"start":{"line":35,"column":37},"end":{"line":35,"column":64}},"10":{"start":{"line":36,"column":6},"end":{"line":38,"column":9}},"11":{"start":{"line":43,"column":4},"end":{"line":43,"column":25}},"12":{"start":{"line":47,"column":4},"end":{"line":56,"column":6}}},"fnMap":{"0":{"name":"(anonymous_0)","decl":{"start":{"line":10,"column":2},"end":{"line":10,"column":3}},"loc":{"start":{"line":10,"column":16},"end":{"line":16,"column":3}},"line":10},"1":{"name":"(anonymous_1)","decl":{"start":{"line":18,"column":2},"end":{"line":18,"column":3}},"loc":{"start":{"line":18,"column":22},"end":{"line":28,"column":3}},"line":18},"2":{"name":"(anonymous_2)","decl":{"start":{"line":20,"column":21},"end":{"line":20,"column":22}},"loc":{"start":{"line":20,"column":33},"end":{"line":27,"column":5}},"line":20},"3":{"name":"(anonymous_3)","decl":{"start":{"line":30,"column":17},"end":{"line":30,"column":18}},"loc":{"start":{"line":30,"column":31},"end":{"line":40,"column":3}},"line":30},"4":{"name":"(anonymous_4)","decl":{"start":{"line":31,"column":21},"end":{"line":31,"column":22}},"loc":{"start":{"line":31,"column":33},"end":{"line":39,"column":5}},"line":31},"5":{"name":"(anonymous_5)","decl":{"start":{"line":35,"column":26},"end":{"line":35,"column":27}},"loc":{"start":{"line":35,"column":37},"end":{"line":35,"column":64}},"line":35},"6":{"name":"(anonymous_6)","decl":{"start":{"line":42,"column":2},"end":{"line":42,"column":3}},"loc":{"start":{"line":42,"column":25},"end":{"line":44,"column":3}},"line":42},"7":{"name":"(anonymous_7)","decl":{"start":{"line":46,"column":2},"end":{"line":46,"column":3}},"loc":{"start":{"line":46,"column":11},"end":{"line":57,"column":3}},"line":46}},"branchMap":{"0":{"loc":{"start":{"line":21,"column":6},"end":{"line":26,"column":7}},"type":"if","locations":[{"start":{"line":21,"column":6},"end":{"line":26,"column":7}},{"start":{"line":21,"column":6},"end":{"line":26,"column":7}}],"line":21},"1":{"loc":{"start":{"line":33,"column":8},"end":{"line":35,"column":65}},"type":"cond-expr","locations":[{"start":{"line":34,"column":12},"end":{"line":34,"column":18}},{"start":{"line":35,"column":12},"end":{"line":35,"column":65}}],"line":33}},"s":{"0":5,"1":5,"2":5,"3":5,"4":5,"5":4,"6":5,"7":2,"8":2,"9":2,"10":2,"11":3,"12":11},"f":{"0":5,"1":5,"2":5,"3":2,"4":2,"5":2,"6":3,"7":11},"b":{"0":[4,1],"1":[1,1]},"_coverageSchema":"1a1c01bbd47fc00a2c39e90264f33305004495a9","hash":"b494a58d94917cd522ceb66b505d42aa17b9d147"}
,"/Users/danielvonboros/Documents/code/careerFoundry/TestingInTheDevelopmentProcess/TddInProgress/meet/src/CitySearch.js": {"path":"/Users/danielvonboros/Documents/code/careerFoundry/TestingInTheDevelopmentProcess/TddInProgress/meet/src/CitySearch.js","statementMap":{"0":{"start":{"line":4,"column":10},"end":{"line":8,"column":3}},"1":{"start":{"line":10,"column":23},"end":{"line":16,"column":3}},"2":{"start":{"line":11,"column":18},"end":{"line":11,"column":36}},"3":{"start":{"line":12,"column":24},"end":{"line":14,"column":6}},"4":{"start":{"line":13,"column":6},"end":{"line":13,"column":70}},"5":{"start":{"line":15,"column":4},"end":{"line":15,"column":49}},"6":{"start":{"line":18,"column":22},"end":{"line":21,"column":3}},"7":{"start":{"line":19,"column":4},"end":{"line":19,"column":65}},"8":{"start":{"line":20,"column":4},"end":{"line":20,"column":40}},"9":{"start":{"line":24,"column":4},"end":{"line":52,"column":6}},"10":{"start":{"line":32,"column":12},"end":{"line":32,"column":53}},"11":{"start":{"line":40,"column":12},"end":{"line":45,"column":17}},"12":{"start":{"line":42,"column":29},"end":{"line":42,"column":63}},"13":{"start":{"line":47,"column":39},"end":{"line":47,"column":68}}},"fnMap":{"0":{"name":"(anonymous_0)","decl":{"start":{"line":10,"column":23},"end":{"line":10,"column":24}},"loc":{"start":{"line":10,"column":34},"end":{"line":16,"column":3}},"line":10},"1":{"name":"(anonymous_1)","decl":{"start":{"line":12,"column":52},"end":{"line":12,"column":53}},"loc":{"start":{"line":12,"column":66},"end":{"line":14,"column":5}},"line":12},"2":{"name":"(anonymous_2)","decl":{"start":{"line":18,"column":22},"end":{"line":18,"column":23}},"loc":{"start":{"line":18,"column":38},"end":{"line":21,"column":3}},"line":18},"3":{"name":"(anonymous_3)","decl":{"start":{"line":23,"column":2},"end":{"line":23,"column":3}},"loc":{"start":{"line":23,"column":11},"end":{"line":53,"column":3}},"line":23},"4":{"name":"(anonymous_4)","decl":{"start":{"line":31,"column":19},"end":{"line":31,"column":20}},"loc":{"start":{"line":31,"column":25},"end":{"line":33,"column":11}},"line":31},"5":{"name":"(anonymous_5)","decl":{"start":{"line":39,"column":38},"end":{"line":39,"column":39}},"loc":{"start":{"line":40,"column":12},"end":{"line":45,"column":17}},"line":40},"6":{"name":"(anonymous_6)","decl":{"start":{"line":42,"column":23},"end":{"line":42,"column":24}},"loc":{"start":{"line":42,"column":29},"end":{"line":42,"column":63}},"line":42},"7":{"name":"(anonymous_7)","decl":{"start":{"line":47,"column":33},"end":{"line":47,"column":34}},"loc":{"start":{"line":47,"column":39},"end":{"line":47,"column":68}},"line":47}},"branchMap":{"0":{"loc":{"start":{"line":37,"column":17},"end":{"line":37,"column":70}},"type":"cond-expr","locations":[{"start":{"line":37,"column":46},"end":{"line":37,"column":48}},{"start":{"line":37,"column":51},"end":{"line":37,"column":70}}],"line":37}},"s":{"0":5,"1":5,"2":2,"3":2,"4":4,"5":2,"6":5,"7":4,"8":4,"9":23,"10":1,"11":17,"12":2,"13":1},"f":{"0":2,"1":4,"2":4,"3":23,"4":1,"5":17,"6":2,"7":1},"b":{"0":[1,22]},"_coverageSchema":"1a1c01bbd47fc00a2c39e90264f33305004495a9","hash":"9dff9735ef132a72cc0149d2b61433da34a3102c"}
,"/Users/danielvonboros/Documents/code/careerFoundry/TestingInTheDevelopmentProcess/TddInProgress/meet/src/Event.js": {"path":"/Users/danielvonboros/Documents/code/careerFoundry/TestingInTheDevelopmentProcess/TddInProgress/meet/src/Event.js","statementMap":{"0":{"start":{"line":5,"column":4},"end":{"line":5,"column":17}},"1":{"start":{"line":6,"column":4},"end":{"line":8,"column":6}},"2":{"start":{"line":12,"column":4},"end":{"line":16,"column":5}},"3":{"start":{"line":13,"column":6},"end":{"line":13,"column":45}},"4":{"start":{"line":15,"column":6},"end":{"line":15,"column":44}},"5":{"start":{"line":20,"column":4},"end":{"line":44,"column":6}},"6":{"start":{"line":39,"column":25},"end":{"line":39,"column":45}}},"fnMap":{"0":{"name":"(anonymous_0)","decl":{"start":{"line":4,"column":2},"end":{"line":4,"column":3}},"loc":{"start":{"line":4,"column":21},"end":{"line":9,"column":3}},"line":4},"1":{"name":"(anonymous_1)","decl":{"start":{"line":11,"column":2},"end":{"line":11,"column":3}},"loc":{"start":{"line":11,"column":18},"end":{"line":17,"column":3}},"line":11},"2":{"name":"(anonymous_2)","decl":{"start":{"line":19,"column":2},"end":{"line":19,"column":3}},"loc":{"start":{"line":19,"column":11},"end":{"line":45,"column":3}},"line":19},"3":{"name":"(anonymous_3)","decl":{"start":{"line":39,"column":19},"end":{"line":39,"column":20}},"loc":{"start":{"line":39,"column":25},"end":{"line":39,"column":45}},"line":39}},"branchMap":{"0":{"loc":{"start":{"line":12,"column":4},"end":{"line":16,"column":5}},"type":"if","locations":[{"start":{"line":12,"column":4},"end":{"line":16,"column":5}},{"start":{"line":12,"column":4},"end":{"line":16,"column":5}}],"line":12},"1":{"loc":{"start":{"line":29,"column":9},"end":{"line":35,"column":9}},"type":"binary-expr","locations":[{"start":{"line":29,"column":9},"end":{"line":29,"column":32}},{"start":{"line":30,"column":10},"end":{"line":34,"column":16}}],"line":29},"2":{"loc":{"start":{"line":41,"column":11},"end":{"line":41,"column":69}},"type":"cond-expr","locations":[{"start":{"line":41,"column":38},"end":{"line":41,"column":52}},{"start":{"line":41,"column":55},"end":{"line":41,"column":69}}],"line":41}},"s":{"0":12,"1":12,"2":2,"3":1,"4":1,"5":19,"6":2},"f":{"0":12,"1":2,"2":19,"3":2},"b":{"0":[1,1],"1":[19,2],"2":[17,2]},"_coverageSchema":"1a1c01bbd47fc00a2c39e90264f33305004495a9","hash":"3e07b7e6800110ae76a27c09eb4e2a265fc97af0"}
,"/Users/danielvonboros/Documents/code/careerFoundry/TestingInTheDevelopmentProcess/TddInProgress/meet/src/api.js": {"path":"/Users/danielvonboros/Documents/code/careerFoundry/TestingInTheDevelopmentProcess/TddInProgress/meet/src/api.js","statementMap":{"0":{"start":{"line":11,"column":25},"end":{"line":13,"column":1}},"1":{"start":{"line":12,"column":2},"end":{"line":12,"column":18}},"2":{"start":{"line":15,"column":32},"end":{"line":19,"column":1}},"3":{"start":{"line":16,"column":25},"end":{"line":16,"column":62}},"4":{"start":{"line":16,"column":47},"end":{"line":16,"column":61}},"5":{"start":{"line":17,"column":18},"end":{"line":17,"column":48}},"6":{"start":{"line":18,"column":2},"end":{"line":18,"column":19}}},"fnMap":{"0":{"name":"(anonymous_0)","decl":{"start":{"line":11,"column":25},"end":{"line":11,"column":26}},"loc":{"start":{"line":11,"column":37},"end":{"line":13,"column":1}},"line":11},"1":{"name":"(anonymous_1)","decl":{"start":{"line":15,"column":32},"end":{"line":15,"column":33}},"loc":{"start":{"line":15,"column":44},"end":{"line":19,"column":1}},"line":15},"2":{"name":"(anonymous_2)","decl":{"start":{"line":16,"column":36},"end":{"line":16,"column":37}},"loc":{"start":{"line":16,"column":47},"end":{"line":16,"column":61}},"line":16}},"branchMap":{},"s":{"0":3,"1":9,"2":3,"3":7,"4":14,"5":7,"6":7},"f":{"0":9,"1":7,"2":14},"b":{},"_coverageSchema":"1a1c01bbd47fc00a2c39e90264f33305004495a9","hash":"28c43fd87c02ddcdbba87205233d75849cdb6d4e"}
,"/Users/danielvonboros/Documents/code/careerFoundry/TestingInTheDevelopmentProcess/TddInProgress/meet/src/mock-data.js": {"path":"/Users/danielvonboros/Documents/code/careerFoundry/TestingInTheDevelopmentProcess/TddInProgress/meet/src/mock-data.js","statementMap":{"0":{"start":{"line":1,"column":17},"end":{"line":84,"column":1}}},"fnMap":{},"branchMap":{},"s":{"0":4},"f":{},"b":{},"_coverageSchema":"1a1c01bbd47fc00a2c39e90264f33305004495a9","hash":"24d3357d4ed35b33c03f750163fed9e42ebbaae9"}
}
