TN:
SF:src/App.js
FN:10,(anonymous_0)
FN:18,(anonymous_1)
FN:20,(anonymous_2)
FN:30,(anonymous_3)
FN:31,(anonymous_4)
FN:35,(anonymous_5)
FN:42,(anonymous_6)
FN:46,(anonymous_7)
FNF:8
FNH:8
FNDA:5,(anonymous_0)
FNDA:5,(anonymous_1)
FNDA:5,(anonymous_2)
FNDA:2,(anonymous_3)
FNDA:2,(anonymous_4)
FNDA:2,(anonymous_5)
FNDA:3,(anonymous_6)
FNDA:11,(anonymous_7)
DA:11,5
DA:12,5
DA:19,5
DA:20,5
DA:21,5
DA:22,4
DA:30,5
DA:31,2
DA:33,2
DA:35,2
DA:36,2
DA:43,3
DA:47,11
LF:13
LH:13
BRDA:21,0,0,4
BRDA:21,0,1,1
BRDA:33,1,0,1
BRDA:33,1,1,1
BRF:4
BRH:4
end_of_record
TN:
SF:src/CitySearch.js
FN:10,(anonymous_0)
FN:12,(anonymous_1)
FN:18,(anonymous_2)
FN:23,(anonymous_3)
FN:31,(anonymous_4)
FN:39,(anonymous_5)
FN:42,(anonymous_6)
FN:47,(anonymous_7)
FNF:8
FNH:8
FNDA:2,(anonymous_0)
FNDA:4,(anonymous_1)
FNDA:4,(anonymous_2)
FNDA:23,(anonymous_3)
FNDA:1,(anonymous_4)
FNDA:17,(anonymous_5)
FNDA:2,(anonymous_6)
FNDA:1,(anonymous_7)
DA:4,5
DA:10,5
DA:11,2
DA:12,2
DA:13,4
DA:15,2
DA:18,5
DA:19,4
DA:20,4
DA:24,23
DA:32,1
DA:40,17
DA:42,2
DA:47,1
LF:14
LH:14
BRDA:37,0,0,1
BRDA:37,0,1,22
BRF:2
BRH:2
end_of_record
TN:
SF:src/Event.js
FN:4,(anonymous_0)
FN:11,(anonymous_1)
FN:19,(anonymous_2)
FN:39,(anonymous_3)
FNF:4
FNH:4
FNDA:12,(anonymous_0)
FNDA:2,(anonymous_1)
FNDA:19,(anonymous_2)
FNDA:2,(anonymous_3)
DA:5,12
DA:6,12
DA:12,2
DA:13,1
DA:15,1
DA:20,19
DA:39,2
LF:7
LH:7
BRDA:12,0,0,1
BRDA:12,0,1,1
BRDA:29,1,0,19
BRDA:29,1,1,2
BRDA:41,2,0,17
BRDA:41,2,1,2
BRF:6
BRH:6
end_of_record
TN:
SF:src/api.js
FN:11,(anonymous_0)
FN:15,(anonymous_1)
FN:16,(anonymous_2)
FNF:3
FNH:3
FNDA:9,(anonymous_0)
FNDA:7,(anonymous_1)
FNDA:14,(anonymous_2)
DA:11,3
DA:12,9
DA:15,3
DA:16,14
DA:17,7
DA:18,7
LF:6
LH:6
BRF:0
BRH:0
end_of_record
TN:
SF:src/mock-data.js
FNF:0
FNH:0
DA:1,4
LF:1
LH:1
BRF:0
BRH:0
end_of_record
